<?xml version="1.0" encoding="UTF-8"?>
<!-- Generated by org.testng.reporters.JUnitReportReporter -->
<testsuite hostname="VIJAYVJ" failures="0" tests="3" name="testng_demo2.Demo2" time="0.052" errors="0" timestamp="2019-11-07T00:24:58 IST" skipped="0">
  <testcase classname="testng_demo2.Demo2" name="test2_1" time="0.028"/>
  <testcase classname="testng_demo2.Demo2" name="test2_3" time="0.003"/>
  <testcase classname="testng_demo2.Demo2" name="test2_2" time="0.021"/>
</testsuite> <!-- testng_demo2.Demo2 -->
