<?xml version="1.0" encoding="UTF-8"?>
<!-- Generated by org.testng.reporters.JUnitReportReporter -->
<testsuite hostname="VIJAYVJ" failures="0" tests="5" name="testng_demo1.Demo4" time="0.031" errors="0" timestamp="2019-11-06T20:42:31 IST" skipped="0">
  <testcase classname="testng_demo1.Demo4" name="test4_1" time="0.000"/>
  <testcase classname="testng_demo1.Demo4" name="test4_4" time="0.000"/>
  <testcase classname="testng_demo1.Demo4" name="test4_3" time="0.015"/>
  <testcase classname="testng_demo1.Demo4" name="test4_5" time="0.016"/>
  <testcase classname="testng_demo1.Demo4" name="test4_2" time="0.000"/>
</testsuite> <!-- testng_demo1.Demo4 -->
