<?xml version="1.0" encoding="UTF-8"?>
<!-- Generated by org.testng.reporters.JUnitReportReporter -->
<testsuite hostname="VIJAYVJ" failures="0" tests="6" name="testng_demo1.Demo2" time="0.201" errors="0" timestamp="2019-11-06T23:34:04 IST" skipped="0">
  <testcase classname="testng_demo1.Demo2" name="test2_5" time="0.034"/>
  <testcase classname="testng_demo1.Demo2" name="test2_4" time="0.037"/>
  <testcase classname="testng_demo1.Demo2" name="test2_2" time="0.031"/>
  <testcase classname="testng_demo1.Demo2" name="test2_3" time="0.030"/>
  <testcase classname="testng_demo1.Demo2" name="test2_1" time="0.038"/>
  <testcase classname="testng_demo1.Demo2" name="test2_6" time="0.031"/>
</testsuite> <!-- testng_demo1.Demo2 -->
