<?xml version="1.0" encoding="UTF-8"?>
<!-- Generated by org.testng.reporters.JUnitReportReporter -->
<testsuite hostname="VIJAYVJ" failures="0" tests="3" name="small_tasks.Assertion_seq" time="0.032" errors="0" timestamp="2019-11-07T23:22:46 IST" skipped="0">
  <testcase classname="small_tasks.Assertion_seq" name="test2" time="0.000"/>
  <testcase classname="small_tasks.Assertion_seq" name="test3" time="0.000"/>
  <testcase classname="small_tasks.Assertion_seq" name="test1" time="0.032"/>
</testsuite> <!-- small_tasks.Assertion_seq -->
