<?xml version="1.0" encoding="UTF-8"?>
<!-- Generated by org.testng.reporters.JUnitReportReporter -->
<testsuite hostname="VIJAYVJ" failures="0" tests="1" name="testng_demo1.Demo1" time="0.027" errors="0" timestamp="2019-11-06T22:01:19 IST" skipped="0">
  <testcase classname="testng_demo1.Demo1" name="test1" time="0.027"/>
</testsuite> <!-- testng_demo1.Demo1 -->
