<?xml version="1.0" encoding="UTF-8"?>
<!-- Generated by org.testng.reporters.JUnitReportReporter -->
<testsuite hostname="VIJAYVJ" failures="0" tests="5" name="testng_demo1.Demo3" time="0.000" errors="0" timestamp="2019-11-06T20:42:31 IST" skipped="0">
  <testcase classname="testng_demo1.Demo3" name="test3_1" time="0.000"/>
  <testcase classname="testng_demo1.Demo3" name="test3_5" time="0.000"/>
  <testcase classname="testng_demo1.Demo3" name="test3_4" time="0.000"/>
  <testcase classname="testng_demo1.Demo3" name="test3_2" time="0.000"/>
  <testcase classname="testng_demo1.Demo3" name="test3_3" time="0.000"/>
</testsuite> <!-- testng_demo1.Demo3 -->
