<?xml version="1.0" encoding="UTF-8"?>
<!-- Generated by org.testng.reporters.JUnitReportReporter -->
<testsuite hostname="VIJAYVJ" failures="0" tests="3" name="testng_demo2.Demo1" time="0.035" errors="0" timestamp="2019-11-07T00:24:58 IST" skipped="0">
  <testcase classname="testng_demo2.Demo1" name="test1_1" time="0.027"/>
  <testcase classname="testng_demo2.Demo1" name="test1_3" time="0.004"/>
  <testcase classname="testng_demo2.Demo1" name="test1_2" time="0.004"/>
</testsuite> <!-- testng_demo2.Demo1 -->
