<?xml version="1.0" encoding="UTF-8"?>
<!-- Generated by org.testng.reporters.JUnitReportReporter -->
<testsuite hostname="VIJAYVJ" failures="0" tests="3" name="testng_demo2.Demo3" time="0.048" errors="0" timestamp="2019-11-07T00:24:58 IST" skipped="0">
  <testcase classname="testng_demo2.Demo3" name="test3_2" time="0.016"/>
  <testcase classname="testng_demo2.Demo3" name="test3_1" time="0.028"/>
  <testcase classname="testng_demo2.Demo3" name="test3_3" time="0.004"/>
</testsuite> <!-- testng_demo2.Demo3 -->
